Using pre-set license
Built from '2020.3/staging' branch; Version is '2020.3.25f1 (9b9180224418) revision 10195328'; Using compiler version '192528614'; Build Type 'Release'
OS: 'Windows 10  (10.0.19044) 64bit Education' Language: 'ko' Physical Memory: 15774 MB
BatchMode: 1, IsHumanControllingUs: 0, StartBugReporterOnCrash: 0, Is64bit: 1, IsPro: 0

COMMAND LINE ARGUMENTS:
C:\Program Files\Unity\Hub\Editor\2020.3.25f1\Editor\Unity.exe
-adb2
-batchMode
-noUpm
-name
AssetImportWorker0
-projectPath
C:/GitHub/DreamCometale/fallguys
-logFile
Logs/AssetImportWorker0.log
-srvPort
55944
Successfully changed project path to: C:/GitHub/DreamCometale/fallguys
C:/GitHub/DreamCometale/fallguys
Using Asset Import Pipeline V2.
Refreshing native plugins compatible for Editor in 28.28 ms, found 2 plugins.
Preloading 0 native plugins for Editor in 0.00 ms.
Initialize engine version: 2020.3.25f1 (9b9180224418)
[Subsystems] Discovering subsystems at path C:/Program Files/Unity/Hub/Editor/2020.3.25f1/Editor/Data/Resources/UnitySubsystems
[Subsystems] Discovering subsystems at path C:/GitHub/DreamCometale/fallguys/Assets
GfxDevice: creating device client; threaded=0
Direct3D:
    Version:  Direct3D 11.0 [level 11.1]
    Renderer: NVIDIA GeForce RTX 3070 Laptop GPU (ID=0x249d)
    Vendor:   
    VRAM:     8044 MB
    Driver:   30.0.15.1295
Initialize mono
Mono path[0] = 'C:/Program Files/Unity/Hub/Editor/2020.3.25f1/Editor/Data/Managed'
Mono path[1] = 'C:/Program Files/Unity/Hub/Editor/2020.3.25f1/Editor/Data/MonoBleedingEdge/lib/mono/unityjit'
Mono config path = 'C:/Program Files/Unity/Hub/Editor/2020.3.25f1/Editor/Data/MonoBleedingEdge/etc'
Using monoOptions --debugger-agent=transport=dt_socket,embedding=1,server=y,suspend=n,address=127.0.0.1:56748
Begin MonoManager ReloadAssembly
Registering precompiled unity dll's ...
Register platform support module: C:/Program Files/Unity/Hub/Editor/2020.3.25f1/Editor/Data/PlaybackEngines/WindowsStandaloneSupport/UnityEditor.WindowsStandalone.Extensions.dll
Registered in 0.003291 seconds.
Native extension for WindowsStandalone target not found
Refreshing native plugins compatible for Editor in 24.18 ms, found 2 plugins.
Preloading 0 native plugins for Editor in 0.00 ms.
Mono: successfully reloaded assembly
- Completed reload, in  0.485 seconds
Domain Reload Profiling:
	ReloadAssembly (485ms)
		BeginReloadAssembly (66ms)
			ExecutionOrderSort (0ms)
			DisableScriptedObjects (0ms)
			BackupInstance (0ms)
			ReleaseScriptingObjects (0ms)
			CreateAndSetChildDomain (1ms)
		EndReloadAssembly (352ms)
			LoadAssemblies (63ms)
			RebuildTransferFunctionScriptingTraits (0ms)
			SetupTypeCache (110ms)
			ReleaseScriptCaches (0ms)
			RebuildScriptCaches (21ms)
			SetupLoadedEditorAssemblies (127ms)
				LogAssemblyErrors (0ms)
				InitializePlatformSupportModulesInManaged (3ms)
				SetLoadedEditorAssemblies (0ms)
				RefreshPlugins (24ms)
				BeforeProcessingInitializeOnLoad (11ms)
				ProcessInitializeOnLoadAttributes (66ms)
				ProcessInitializeOnLoadMethodAttributes (22ms)
				AfterProcessingInitializeOnLoad (0ms)
				EditorAssembliesLoaded (0ms)
			ExecutionOrderSort2 (0ms)
			AwakeInstancesAfterBackupRestoration (0ms)
Platform modules already initialized, skipping
Registering precompiled user dll's ...
Registered in 0.006873 seconds.
Begin MonoManager ReloadAssembly
Native extension for WindowsStandalone target not found
Refreshing native plugins compatible for Editor in 0.37 ms, found 2 plugins.
Preloading 0 native plugins for Editor in 0.00 ms.
Mono: successfully reloaded assembly
- Completed reload, in  0.831 seconds
Domain Reload Profiling:
	ReloadAssembly (832ms)
		BeginReloadAssembly (128ms)
			ExecutionOrderSort (0ms)
			DisableScriptedObjects (4ms)
			BackupInstance (0ms)
			ReleaseScriptingObjects (0ms)
			CreateAndSetChildDomain (17ms)
		EndReloadAssembly (642ms)
			LoadAssemblies (94ms)
			RebuildTransferFunctionScriptingTraits (0ms)
			SetupTypeCache (204ms)
			ReleaseScriptCaches (0ms)
			RebuildScriptCaches (29ms)
			SetupLoadedEditorAssemblies (262ms)
				LogAssemblyErrors (0ms)
				InitializePlatformSupportModulesInManaged (4ms)
				SetLoadedEditorAssemblies (0ms)
				RefreshPlugins (0ms)
				BeforeProcessingInitializeOnLoad (85ms)
				ProcessInitializeOnLoadAttributes (150ms)
				ProcessInitializeOnLoadMethodAttributes (9ms)
				AfterProcessingInitializeOnLoad (12ms)
				EditorAssembliesLoaded (0ms)
			ExecutionOrderSort2 (0ms)
			AwakeInstancesAfterBackupRestoration (6ms)
Platform modules already initialized, skipping
========================================================================
Worker process is ready to serve import requests
Launched and connected shader compiler UnityShaderCompiler.exe after 0.09 seconds
Refreshing native plugins compatible for Editor in 0.43 ms, found 2 plugins.
Preloading 0 native plugins for Editor in 0.00 ms.
Unloading 1512 Unused Serialized files (Serialized files now loaded: 0)
System memory in use before: 70.4 MB.
System memory in use after: 70.4 MB.

Unloading 19 unused Assets to reduce memory usage. Loaded Objects now: 1944.
Total: 2.749500 ms (FindLiveObjects: 0.169600 ms CreateObjectMapping: 0.061100 ms MarkObjects: 2.454400 ms  DeleteObjects: 0.063100 ms)

AssetImportParameters requested are different than current active one (requested -> active):
  custom:framework-win-MediaFoundation: 216162199b28c13a410421893ffa2e32 -> 
  custom:video-decoder-ogg-theora: a1e56fd34408186e4bbccfd4996cb3dc -> 
  custom:container-muxer-webm: aa71ff27fc2769a1b78a27578f13a17b -> 
  custom:container-demuxer-webm: 4f35f7cbe854078d1ac9338744f61a02 -> 
  custom:container-demuxer-ogg: 62fdf1f143b41e24485cea50d1cbac27 -> 
  custom:video-encoder-webm-vp8: eb34c28f22e8b96e1ab97ce403110664 -> 
  custom:video-decoder-webm-vp8: 9c59270c3fd7afecdb556c50c9e8de78 -> 
  custom:audio-decoder-ogg-vorbis: bf7c407c2cedff20999df2af8eb42d56 -> 
  custom:audio-encoder-webm-vorbis: bf7c407c2cedff20999df2af8eb42d56 -> 
========================================================================
Received Import Request.
  path: Assets/ObstacleCoursePack
  artifactKey: Guid(567f0fa22c8494a4bbe31ec99417d1e5) Importer(815301076,1909f56bfc062723c751e8b465ee728b)
Start importing Assets/ObstacleCoursePack using Guid(567f0fa22c8494a4bbe31ec99417d1e5) Importer(815301076,1909f56bfc062723c751e8b465ee728b)  -> (artifact id: 'e693321aad11691249c721d0d146bdfb') in 0.009533 seconds 
  Import took 0.012124 seconds .

========================================================================
Received Import Request.
  Time since last request: 0.000230 seconds.
  path: Assets/ObstacleCoursePack/HowToSetup.pdf
  artifactKey: Guid(09b99b12229e1a440916986e7ac0e71f) Importer(815301076,1909f56bfc062723c751e8b465ee728b)
Start importing Assets/ObstacleCoursePack/HowToSetup.pdf using Guid(09b99b12229e1a440916986e7ac0e71f) Importer(815301076,1909f56bfc062723c751e8b465ee728b)  -> (artifact id: 'e9a79d886a6b80b1fd08ae819a8cdc49') in 0.041840 seconds 
  Import took 0.044449 seconds .

========================================================================
Received Import Request.
  Time since last request: 2255.557048 seconds.
  path: Assets/ObstacleCoursePack/Scripts
  artifactKey: Guid(3650c34a22c5f4e4c84c2a2c63ca2dac) Importer(815301076,1909f56bfc062723c751e8b465ee728b)
Start importing Assets/ObstacleCoursePack/Scripts using Guid(3650c34a22c5f4e4c84c2a2c63ca2dac) Importer(815301076,1909f56bfc062723c751e8b465ee728b)  -> (artifact id: '40416abb7b730c19f7e788862dfeabdc') in 0.009429 seconds 
  Import took 0.012128 seconds .

========================================================================
Received Import Request.
  Time since last request: 0.621861 seconds.
  path: Assets/ObstacleCoursePack/Scripts/MovableObs.cs
  artifactKey: Guid(8c78eaffd4b5a704daa689d5bc3e3e09) Importer(815301076,1909f56bfc062723c751e8b465ee728b)
Start importing Assets/ObstacleCoursePack/Scripts/MovableObs.cs using Guid(8c78eaffd4b5a704daa689d5bc3e3e09) Importer(815301076,1909f56bfc062723c751e8b465ee728b)  -> (artifact id: '7fc4ac10a295fcedb2a80eeb9038736e') in 0.015510 seconds 
  Import took 0.017880 seconds .

========================================================================
Received Import Request.
  Time since last request: 4.746331 seconds.
  path: Assets/ObstacleCoursePack/Controller
  artifactKey: Guid(40420f3066d64694ca3869bec10f72fd) Importer(815301076,1909f56bfc062723c751e8b465ee728b)
Start importing Assets/ObstacleCoursePack/Controller using Guid(40420f3066d64694ca3869bec10f72fd) Importer(815301076,1909f56bfc062723c751e8b465ee728b)  -> (artifact id: 'd26540c875437f9f9d9a1c0a975a02bb') in 0.007524 seconds 
  Import took 0.010100 seconds .

========================================================================
Received Import Request.
  Time since last request: 0.034966 seconds.
  path: Assets/ObstacleCoursePack/Controller/Camera Holder.prefab
  artifactKey: Guid(74fe7eed3ad8ec84bb8770355f363fda) Importer(815301076,1909f56bfc062723c751e8b465ee728b)
Start importing Assets/ObstacleCoursePack/Controller/Camera Holder.prefab using Guid(74fe7eed3ad8ec84bb8770355f363fda) Importer(815301076,1909f56bfc062723c751e8b465ee728b)  -> (artifact id: 'ba7ba83bb41c2ab0ec39cbd4a79acd58') in 0.021426 seconds 
  Import took 0.023817 seconds .

========================================================================
Received Import Request.
  Time since last request: 0.000201 seconds.
  path: Assets/ObstacleCoursePack/Controller/Player.prefab
  artifactKey: Guid(943c29498ab959842b6d7bee1f42370e) Importer(815301076,1909f56bfc062723c751e8b465ee728b)
Start importing Assets/ObstacleCoursePack/Controller/Player.prefab using Guid(943c29498ab959842b6d7bee1f42370e) Importer(815301076,1909f56bfc062723c751e8b465ee728b)  -> (artifact id: 'd9ad2d358473f8143160468081cd67eb') in 0.055883 seconds 
  Import took 0.057932 seconds .

========================================================================
Received Import Request.
  Time since last request: 4.651769 seconds.
  path: Assets/ObstacleCoursePack/Controller/CameraManager.cs
  artifactKey: Guid(c54596d8a698c5b4f8edf8b9cfc74ccb) Importer(815301076,1909f56bfc062723c751e8b465ee728b)
Start importing Assets/ObstacleCoursePack/Controller/CameraManager.cs using Guid(c54596d8a698c5b4f8edf8b9cfc74ccb) Importer(815301076,1909f56bfc062723c751e8b465ee728b)  -> (artifact id: 'da91c11c6489bb382cbbc5ef3bb2f902') in 0.007407 seconds 
  Import took 0.009856 seconds .

========================================================================
Received Import Request.
  Time since last request: 9.696039 seconds.
  path: Assets/ObstacleCoursePack/Controller/CharacterControls.cs
  artifactKey: Guid(8eae64db582b14544b6dffe686b12fb6) Importer(815301076,1909f56bfc062723c751e8b465ee728b)
Start importing Assets/ObstacleCoursePack/Controller/CharacterControls.cs using Guid(8eae64db582b14544b6dffe686b12fb6) Importer(815301076,1909f56bfc062723c751e8b465ee728b)  -> (artifact id: 'a4ce9d4adc81b1ab7a1623148eea120a') in 0.007423 seconds 
  Import took 0.010067 seconds .

========================================================================
Received Import Request.
  Time since last request: 105.257236 seconds.
  path: Assets/ObstacleCoursePack/Materials
  artifactKey: Guid(29337c566f471694da5a38cb1347c3b1) Importer(815301076,1909f56bfc062723c751e8b465ee728b)
Start importing Assets/ObstacleCoursePack/Materials using Guid(29337c566f471694da5a38cb1347c3b1) Importer(815301076,1909f56bfc062723c751e8b465ee728b)  -> (artifact id: '86e0b504fdcd5a855897843ff463a133') in 0.004357 seconds 
  Import took 0.007458 seconds .

========================================================================
Received Import Request.
  Time since last request: 0.060991 seconds.
  path: Assets/ObstacleCoursePack/Materials/Blue.mat
  artifactKey: Guid(7c66626491aab02488fa5737512db8ec) Importer(815301076,1909f56bfc062723c751e8b465ee728b)
Start importing Assets/ObstacleCoursePack/Materials/Blue.mat using Guid(7c66626491aab02488fa5737512db8ec) Importer(815301076,1909f56bfc062723c751e8b465ee728b)  -> (artifact id: '2c46757d93c1ca17e87171b561ffaf69') in 0.040589 seconds 
  Import took 0.043059 seconds .

========================================================================
Received Import Request.
  Time since last request: 0.000218 seconds.
  path: Assets/ObstacleCoursePack/Materials/Yellow.mat
  artifactKey: Guid(af19a61c0cc985d4d91ca0e18b899983) Importer(815301076,1909f56bfc062723c751e8b465ee728b)
Start importing Assets/ObstacleCoursePack/Materials/Yellow.mat using Guid(af19a61c0cc985d4d91ca0e18b899983) Importer(815301076,1909f56bfc062723c751e8b465ee728b)  -> (artifact id: '62886139ffdf3c78b9cb1bcd13728585') in 0.015158 seconds 
  Import took 0.017485 seconds .

========================================================================
Received Import Request.
  Time since last request: 0.000237 seconds.
  path: Assets/ObstacleCoursePack/Materials/Pink.mat
  artifactKey: Guid(f849da5dbad64cc4a90ffdf153295e54) Importer(815301076,1909f56bfc062723c751e8b465ee728b)
Start importing Assets/ObstacleCoursePack/Materials/Pink.mat using Guid(f849da5dbad64cc4a90ffdf153295e54) Importer(815301076,1909f56bfc062723c751e8b465ee728b)  -> (artifact id: '18c62852e96f997477db16eda301108c') in 0.017786 seconds 
  Import took 0.020051 seconds .

========================================================================
Received Import Request.
  Time since last request: 0.000224 seconds.
  path: Assets/ObstacleCoursePack/Materials/Red.mat
  artifactKey: Guid(9680173c898d4d2419181ffc87f5193a) Importer(815301076,1909f56bfc062723c751e8b465ee728b)
Start importing Assets/ObstacleCoursePack/Materials/Red.mat using Guid(9680173c898d4d2419181ffc87f5193a) Importer(815301076,1909f56bfc062723c751e8b465ee728b)  -> (artifact id: '48a56c7a30fc4e6ad2d7ed39324ffca5') in 0.015583 seconds 
  Import took 0.017983 seconds .

========================================================================
Received Import Request.
  Time since last request: 0.000471 seconds.
  path: Assets/ObstacleCoursePack/Materials/White.mat
  artifactKey: Guid(8bb3607333838384fa8702d3b19a5b03) Importer(815301076,1909f56bfc062723c751e8b465ee728b)
Start importing Assets/ObstacleCoursePack/Materials/White.mat using Guid(8bb3607333838384fa8702d3b19a5b03) Importer(815301076,1909f56bfc062723c751e8b465ee728b)  -> (artifact id: '821153f0fa6ac65f8b7c29f899220d01') in 0.025289 seconds 
  Import took 0.028049 seconds .

========================================================================
Received Import Request.
  Time since last request: 0.000229 seconds.
  path: Assets/ObstacleCoursePack/Materials/Gray.mat
  artifactKey: Guid(f3fa1f2e5e0f1d9499cf5b43ac60cc43) Importer(815301076,1909f56bfc062723c751e8b465ee728b)
Start importing Assets/ObstacleCoursePack/Materials/Gray.mat using Guid(f3fa1f2e5e0f1d9499cf5b43ac60cc43) Importer(815301076,1909f56bfc062723c751e8b465ee728b)  -> (artifact id: '58155ef0b0a8f8d0583106fab45c13dc') in 0.017627 seconds 
  Import took 0.020106 seconds .

========================================================================
Received Import Request.
  Time since last request: 0.000236 seconds.
  path: Assets/ObstacleCoursePack/Materials/Green.mat
  artifactKey: Guid(890d1b9f969d9cc438768c577d6efcd0) Importer(815301076,1909f56bfc062723c751e8b465ee728b)
Start importing Assets/ObstacleCoursePack/Materials/Green.mat using Guid(890d1b9f969d9cc438768c577d6efcd0) Importer(815301076,1909f56bfc062723c751e8b465ee728b)  -> (artifact id: '813f1f67debe598fc5df127c641c1194') in 0.015988 seconds 
  Import took 0.018618 seconds .

========================================================================
Received Import Request.
  Time since last request: 2.524670 seconds.
  path: Assets/ObstacleCoursePack/Prefabs
  artifactKey: Guid(0c05e4bbc57df5145937585c146846a2) Importer(815301076,1909f56bfc062723c751e8b465ee728b)
Start importing Assets/ObstacleCoursePack/Prefabs using Guid(0c05e4bbc57df5145937585c146846a2) Importer(815301076,1909f56bfc062723c751e8b465ee728b)  -> (artifact id: '4ff561b84134ee4cc3a769bf6010695e') in 0.007650 seconds 
  Import took 0.010327 seconds .

========================================================================
Received Import Request.
  Time since last request: 0.184902 seconds.
  path: Assets/ObstacleCoursePack/Prefabs/Bounce.prefab
  artifactKey: Guid(07ec32bcd6a21e34d9d0be169af45608) Importer(815301076,1909f56bfc062723c751e8b465ee728b)
Start importing Assets/ObstacleCoursePack/Prefabs/Bounce.prefab using Guid(07ec32bcd6a21e34d9d0be169af45608) Importer(815301076,1909f56bfc062723c751e8b465ee728b)  -> (artifact id: 'e812d99b0302c5976159436f2b281e39') in 0.016013 seconds 
  Import took 0.018618 seconds .

========================================================================
Received Import Request.
  Time since last request: 0.000254 seconds.
  path: Assets/ObstacleCoursePack/Prefabs/WallMovable.prefab
  artifactKey: Guid(1f9416082698e614ebb7003c2d80098b) Importer(815301076,1909f56bfc062723c751e8b465ee728b)
Start importing Assets/ObstacleCoursePack/Prefabs/WallMovable.prefab using Guid(1f9416082698e614ebb7003c2d80098b) Importer(815301076,1909f56bfc062723c751e8b465ee728b)  -> (artifact id: '2d10481cb392759398e85f18ad8ee10e') in 0.015748 seconds 
  Import took 0.018807 seconds .

========================================================================
Received Import Request.
  Time since last request: 0.000217 seconds.
  path: Assets/ObstacleCoursePack/Prefabs/RBCubes.prefab
  artifactKey: Guid(a48714e39c2ecc644b62544a3a53c53a) Importer(815301076,1909f56bfc062723c751e8b465ee728b)
Start importing Assets/ObstacleCoursePack/Prefabs/RBCubes.prefab using Guid(a48714e39c2ecc644b62544a3a53c53a) Importer(815301076,1909f56bfc062723c751e8b465ee728b)  -> (artifact id: '272ff0276f89abec75399a4026ded8d8') in 0.020340 seconds 
  Import took 0.022905 seconds .

========================================================================
Received Import Request.
  Time since last request: 0.000215 seconds.
  path: Assets/ObstacleCoursePack/Prefabs/Pendulum.prefab
  artifactKey: Guid(de4e8ae22411dba4f971edf49f8738f2) Importer(815301076,1909f56bfc062723c751e8b465ee728b)
Start importing Assets/ObstacleCoursePack/Prefabs/Pendulum.prefab using Guid(de4e8ae22411dba4f971edf49f8738f2) Importer(815301076,1909f56bfc062723c751e8b465ee728b)  -> (artifact id: '3bd757eaf0355a2a49e7cf03627c5f17') in 0.015098 seconds 
  Import took 0.017416 seconds .

========================================================================
Received Import Request.
  Time since last request: 0.000455 seconds.
  path: Assets/ObstacleCoursePack/Prefabs/MovableWall.prefab
  artifactKey: Guid(474c64e7b6302304bb04e77a9e8809dc) Importer(815301076,1909f56bfc062723c751e8b465ee728b)
Start importing Assets/ObstacleCoursePack/Prefabs/MovableWall.prefab using Guid(474c64e7b6302304bb04e77a9e8809dc) Importer(815301076,1909f56bfc062723c751e8b465ee728b)  -> (artifact id: 'd19d357eda87d4165197c5ee0ebbcbd1') in 0.015444 seconds 
  Import took 0.018210 seconds .

========================================================================
Received Import Request.
  Time since last request: 0.000246 seconds.
  path: Assets/ObstacleCoursePack/Prefabs/Sphere.prefab
  artifactKey: Guid(a3db52d569ccd3c468777dd8e04f65ce) Importer(815301076,1909f56bfc062723c751e8b465ee728b)
Start importing Assets/ObstacleCoursePack/Prefabs/Sphere.prefab using Guid(a3db52d569ccd3c468777dd8e04f65ce) Importer(815301076,1909f56bfc062723c751e8b465ee728b)  -> (artifact id: '21b70511d476debc507134ce492dd5c3') in 0.015611 seconds 
  Import took 0.018284 seconds .

========================================================================
Received Import Request.
  Time since last request: 0.000374 seconds.
  path: Assets/ObstacleCoursePack/Prefabs/MovableObs.prefab
  artifactKey: Guid(1d998f3b2007ad14c900d3cecab26ab4) Importer(815301076,1909f56bfc062723c751e8b465ee728b)
Start importing Assets/ObstacleCoursePack/Prefabs/MovableObs.prefab using Guid(1d998f3b2007ad14c900d3cecab26ab4) Importer(815301076,1909f56bfc062723c751e8b465ee728b)  -> (artifact id: '81e6dc9dfcb49438898fbb8123f088cd') in 0.016495 seconds 
  Import took 0.019205 seconds .

========================================================================
Received Import Request.
  Time since last request: 0.000237 seconds.
  path: Assets/ObstacleCoursePack/Prefabs/Rotator.prefab
  artifactKey: Guid(3925e022072f0474a8dab88c2fdaf0ce) Importer(815301076,1909f56bfc062723c751e8b465ee728b)
Start importing Assets/ObstacleCoursePack/Prefabs/Rotator.prefab using Guid(3925e022072f0474a8dab88c2fdaf0ce) Importer(815301076,1909f56bfc062723c751e8b465ee728b)  -> (artifact id: 'f36c70facb78f135b0e2b5fff125273e') in 0.015888 seconds 
  Import took 0.018853 seconds .

========================================================================
Received Import Request.
  Time since last request: 0.000336 seconds.
  path: Assets/ObstacleCoursePack/Prefabs/RotationX.prefab
  artifactKey: Guid(7bb56e75164d29c4189de79dd5887e8e) Importer(815301076,1909f56bfc062723c751e8b465ee728b)
Start importing Assets/ObstacleCoursePack/Prefabs/RotationX.prefab using Guid(7bb56e75164d29c4189de79dd5887e8e) Importer(815301076,1909f56bfc062723c751e8b465ee728b)  -> (artifact id: 'af1a5c2b8bdffd1ad090e1f09a9290ab') in 0.015388 seconds 
  Import took 0.017952 seconds .

========================================================================
Received Import Request.
  Time since last request: 0.000258 seconds.
  path: Assets/ObstacleCoursePack/Prefabs/CheckPoint.prefab
  artifactKey: Guid(04400a104b4c4574ab6d4419858e994b) Importer(815301076,1909f56bfc062723c751e8b465ee728b)
Start importing Assets/ObstacleCoursePack/Prefabs/CheckPoint.prefab using Guid(04400a104b4c4574ab6d4419858e994b) Importer(815301076,1909f56bfc062723c751e8b465ee728b)  -> (artifact id: 'ed18a9c0a6ab408b1836df4e17c4841f') in 0.015010 seconds 
  Import took 0.017670 seconds .

========================================================================
Received Import Request.
  Time since last request: 0.000262 seconds.
  path: Assets/ObstacleCoursePack/Prefabs/FallPlat.prefab
  artifactKey: Guid(bd117f6e0af0c2942926e61c209b253f) Importer(815301076,1909f56bfc062723c751e8b465ee728b)
Start importing Assets/ObstacleCoursePack/Prefabs/FallPlat.prefab using Guid(bd117f6e0af0c2942926e61c209b253f) Importer(815301076,1909f56bfc062723c751e8b465ee728b)  -> (artifact id: 'fb09261ba677e492bcb47085c49974d4') in 0.016131 seconds 
  Import took 0.018799 seconds .

========================================================================
Received Import Request.
  Time since last request: 0.000332 seconds.
  path: Assets/ObstacleCoursePack/Prefabs/RotationPlat.prefab
  artifactKey: Guid(a70841853b0e99545a7dc761ea9def4d) Importer(815301076,1909f56bfc062723c751e8b465ee728b)
Start importing Assets/ObstacleCoursePack/Prefabs/RotationPlat.prefab using Guid(a70841853b0e99545a7dc761ea9def4d) Importer(815301076,1909f56bfc062723c751e8b465ee728b)  -> (artifact id: '54f50458d5673b478e8a5fdce01e95b8') in 0.015539 seconds 
  Import took 0.018533 seconds .

========================================================================
Received Prepare
Registering precompiled user dll's ...
Registered in 0.007160 seconds.
Begin MonoManager ReloadAssembly
Native extension for WindowsStandalone target not found
Refreshing native plugins compatible for Editor in 0.38 ms, found 2 plugins.
Preloading 0 native plugins for Editor in 0.00 ms.
Mono: successfully reloaded assembly
- Completed reload, in  0.805 seconds
Domain Reload Profiling:
	ReloadAssembly (805ms)
		BeginReloadAssembly (123ms)
			ExecutionOrderSort (0ms)
			DisableScriptedObjects (3ms)
			BackupInstance (0ms)
			ReleaseScriptingObjects (0ms)
			CreateAndSetChildDomain (34ms)
		EndReloadAssembly (625ms)
			LoadAssemblies (97ms)
			RebuildTransferFunctionScriptingTraits (0ms)
			SetupTypeCache (209ms)
			ReleaseScriptCaches (1ms)
			RebuildScriptCaches (26ms)
			SetupLoadedEditorAssemblies (239ms)
				LogAssemblyErrors (0ms)
				InitializePlatformSupportModulesInManaged (4ms)
				SetLoadedEditorAssemblies (0ms)
				RefreshPlugins (0ms)
				BeforeProcessingInitializeOnLoad (79ms)
				ProcessInitializeOnLoadAttributes (137ms)
				ProcessInitializeOnLoadMethodAttributes (8ms)
				AfterProcessingInitializeOnLoad (10ms)
				EditorAssembliesLoaded (0ms)
			ExecutionOrderSort2 (0ms)
			AwakeInstancesAfterBackupRestoration (6ms)
Platform modules already initialized, skipping
Refreshing native plugins compatible for Editor in 0.41 ms, found 2 plugins.
Preloading 0 native plugins for Editor in 0.00 ms.
Unloading 1506 Unused Serialized files (Serialized files now loaded: 0)
System memory in use before: 73.7 MB.
System memory in use after: 73.8 MB.

Unloading 14 unused Assets to reduce memory usage. Loaded Objects now: 1990.
Total: 2.736000 ms (FindLiveObjects: 0.134400 ms CreateObjectMapping: 0.046000 ms MarkObjects: 2.538600 ms  DeleteObjects: 0.016100 ms)

AssetImportParameters requested are different than current active one (requested -> active):
  custom:framework-win-MediaFoundation: 216162199b28c13a410421893ffa2e32 -> 
  custom:video-decoder-ogg-theora: a1e56fd34408186e4bbccfd4996cb3dc -> 
  custom:container-muxer-webm: aa71ff27fc2769a1b78a27578f13a17b -> 
  custom:container-demuxer-webm: 4f35f7cbe854078d1ac9338744f61a02 -> 
  custom:container-demuxer-ogg: 62fdf1f143b41e24485cea50d1cbac27 -> 
  custom:video-encoder-webm-vp8: eb34c28f22e8b96e1ab97ce403110664 -> 
  custom:video-decoder-webm-vp8: 9c59270c3fd7afecdb556c50c9e8de78 -> 
  custom:audio-decoder-ogg-vorbis: bf7c407c2cedff20999df2af8eb42d56 -> 
  custom:audio-encoder-webm-vorbis: bf7c407c2cedff20999df2af8eb42d56 -> 
========================================================================
Received Prepare
Registering precompiled user dll's ...
Registered in 0.006034 seconds.
Begin MonoManager ReloadAssembly
Native extension for WindowsStandalone target not found
Refreshing native plugins compatible for Editor in 0.39 ms, found 2 plugins.
Preloading 0 native plugins for Editor in 0.00 ms.
Mono: successfully reloaded assembly
- Completed reload, in  0.771 seconds
Domain Reload Profiling:
	ReloadAssembly (772ms)
		BeginReloadAssembly (106ms)
			ExecutionOrderSort (0ms)
			DisableScriptedObjects (3ms)
			BackupInstance (0ms)
			ReleaseScriptingObjects (0ms)
			CreateAndSetChildDomain (26ms)
		EndReloadAssembly (609ms)
			LoadAssemblies (88ms)
			RebuildTransferFunctionScriptingTraits (0ms)
			SetupTypeCache (204ms)
			ReleaseScriptCaches (1ms)
			RebuildScriptCaches (27ms)
			SetupLoadedEditorAssemblies (238ms)
				LogAssemblyErrors (0ms)
				InitializePlatformSupportModulesInManaged (4ms)
				SetLoadedEditorAssemblies (0ms)
				RefreshPlugins (0ms)
				BeforeProcessingInitializeOnLoad (79ms)
				ProcessInitializeOnLoadAttributes (136ms)
				ProcessInitializeOnLoadMethodAttributes (8ms)
				AfterProcessingInitializeOnLoad (11ms)
				EditorAssembliesLoaded (0ms)
			ExecutionOrderSort2 (0ms)
			AwakeInstancesAfterBackupRestoration (5ms)
Platform modules already initialized, skipping
Refreshing native plugins compatible for Editor in 0.40 ms, found 2 plugins.
Preloading 0 native plugins for Editor in 0.00 ms.
Unloading 1506 Unused Serialized files (Serialized files now loaded: 0)
System memory in use before: 73.8 MB.
System memory in use after: 73.9 MB.

Unloading 14 unused Assets to reduce memory usage. Loaded Objects now: 1992.
Total: 2.531500 ms (FindLiveObjects: 0.177000 ms CreateObjectMapping: 0.038700 ms MarkObjects: 2.299400 ms  DeleteObjects: 0.015300 ms)

AssetImportParameters requested are different than current active one (requested -> active):
  custom:framework-win-MediaFoundation: 216162199b28c13a410421893ffa2e32 -> 
  custom:video-decoder-ogg-theora: a1e56fd34408186e4bbccfd4996cb3dc -> 
  custom:container-muxer-webm: aa71ff27fc2769a1b78a27578f13a17b -> 
  custom:container-demuxer-webm: 4f35f7cbe854078d1ac9338744f61a02 -> 
  custom:container-demuxer-ogg: 62fdf1f143b41e24485cea50d1cbac27 -> 
  custom:video-encoder-webm-vp8: eb34c28f22e8b96e1ab97ce403110664 -> 
  custom:video-decoder-webm-vp8: 9c59270c3fd7afecdb556c50c9e8de78 -> 
  custom:audio-decoder-ogg-vorbis: bf7c407c2cedff20999df2af8eb42d56 -> 
  custom:audio-encoder-webm-vorbis: bf7c407c2cedff20999df2af8eb42d56 -> 
========================================================================
Received Prepare
Registering precompiled user dll's ...
Registered in 0.006160 seconds.
Begin MonoManager ReloadAssembly
Native extension for WindowsStandalone target not found
Refreshing native plugins compatible for Editor in 0.40 ms, found 2 plugins.
Preloading 0 native plugins for Editor in 0.00 ms.
Mono: successfully reloaded assembly
- Completed reload, in  0.786 seconds
Domain Reload Profiling:
	ReloadAssembly (786ms)
		BeginReloadAssembly (111ms)
			ExecutionOrderSort (0ms)
			DisableScriptedObjects (3ms)
			BackupInstance (0ms)
			ReleaseScriptingObjects (0ms)
			CreateAndSetChildDomain (26ms)
		EndReloadAssembly (615ms)
			LoadAssemblies (97ms)
			RebuildTransferFunctionScriptingTraits (0ms)
			SetupTypeCache (192ms)
			ReleaseScriptCaches (1ms)
			RebuildScriptCaches (26ms)
			SetupLoadedEditorAssemblies (248ms)
				LogAssemblyErrors (0ms)
				InitializePlatformSupportModulesInManaged (4ms)
				SetLoadedEditorAssemblies (0ms)
				RefreshPlugins (0ms)
				BeforeProcessingInitializeOnLoad (78ms)
				ProcessInitializeOnLoadAttributes (147ms)
				ProcessInitializeOnLoadMethodAttributes (8ms)
				AfterProcessingInitializeOnLoad (11ms)
				EditorAssembliesLoaded (0ms)
			ExecutionOrderSort2 (0ms)
			AwakeInstancesAfterBackupRestoration (6ms)
Platform modules already initialized, skipping
Refreshing native plugins compatible for Editor in 0.42 ms, found 2 plugins.
Preloading 0 native plugins for Editor in 0.00 ms.
Unloading 1506 Unused Serialized files (Serialized files now loaded: 0)
System memory in use before: 73.7 MB.
System memory in use after: 73.8 MB.

Unloading 14 unused Assets to reduce memory usage. Loaded Objects now: 1994.
Total: 2.568200 ms (FindLiveObjects: 0.132800 ms CreateObjectMapping: 0.054100 ms MarkObjects: 2.365800 ms  DeleteObjects: 0.014600 ms)

AssetImportParameters requested are different than current active one (requested -> active):
  custom:framework-win-MediaFoundation: 216162199b28c13a410421893ffa2e32 -> 
  custom:video-decoder-ogg-theora: a1e56fd34408186e4bbccfd4996cb3dc -> 
  custom:container-muxer-webm: aa71ff27fc2769a1b78a27578f13a17b -> 
  custom:container-demuxer-webm: 4f35f7cbe854078d1ac9338744f61a02 -> 
  custom:container-demuxer-ogg: 62fdf1f143b41e24485cea50d1cbac27 -> 
  custom:video-encoder-webm-vp8: eb34c28f22e8b96e1ab97ce403110664 -> 
  custom:video-decoder-webm-vp8: 9c59270c3fd7afecdb556c50c9e8de78 -> 
  custom:audio-decoder-ogg-vorbis: bf7c407c2cedff20999df2af8eb42d56 -> 
  custom:audio-encoder-webm-vorbis: bf7c407c2cedff20999df2af8eb42d56 -> 
========================================================================
Received Prepare
Registering precompiled user dll's ...
Registered in 0.006603 seconds.
Begin MonoManager ReloadAssembly
Native extension for WindowsStandalone target not found
Refreshing native plugins compatible for Editor in 0.56 ms, found 2 plugins.
Preloading 0 native plugins for Editor in 0.00 ms.
Mono: successfully reloaded assembly
- Completed reload, in  0.788 seconds
Domain Reload Profiling:
	ReloadAssembly (788ms)
		BeginReloadAssembly (115ms)
			ExecutionOrderSort (0ms)
			DisableScriptedObjects (4ms)
			BackupInstance (0ms)
			ReleaseScriptingObjects (0ms)
			CreateAndSetChildDomain (29ms)
		EndReloadAssembly (616ms)
			LoadAssemblies (93ms)
			RebuildTransferFunctionScriptingTraits (0ms)
			SetupTypeCache (199ms)
			ReleaseScriptCaches (1ms)
			RebuildScriptCaches (27ms)
			SetupLoadedEditorAssemblies (245ms)
				LogAssemblyErrors (0ms)
				InitializePlatformSupportModulesInManaged (4ms)
				SetLoadedEditorAssemblies (0ms)
				RefreshPlugins (1ms)
				BeforeProcessingInitializeOnLoad (81ms)
				ProcessInitializeOnLoadAttributes (139ms)
				ProcessInitializeOnLoadMethodAttributes (8ms)
				AfterProcessingInitializeOnLoad (11ms)
				EditorAssembliesLoaded (0ms)
			ExecutionOrderSort2 (0ms)
			AwakeInstancesAfterBackupRestoration (5ms)
Platform modules already initialized, skipping
Refreshing native plugins compatible for Editor in 0.44 ms, found 2 plugins.
Preloading 0 native plugins for Editor in 0.00 ms.
Unloading 1506 Unused Serialized files (Serialized files now loaded: 0)
System memory in use before: 73.8 MB.
System memory in use after: 73.9 MB.

Unloading 14 unused Assets to reduce memory usage. Loaded Objects now: 1996.
Total: 2.806200 ms (FindLiveObjects: 0.137300 ms CreateObjectMapping: 0.050400 ms MarkObjects: 2.602000 ms  DeleteObjects: 0.015500 ms)

AssetImportParameters requested are different than current active one (requested -> active):
  custom:framework-win-MediaFoundation: 216162199b28c13a410421893ffa2e32 -> 
  custom:video-decoder-ogg-theora: a1e56fd34408186e4bbccfd4996cb3dc -> 
  custom:container-muxer-webm: aa71ff27fc2769a1b78a27578f13a17b -> 
  custom:container-demuxer-webm: 4f35f7cbe854078d1ac9338744f61a02 -> 
  custom:container-demuxer-ogg: 62fdf1f143b41e24485cea50d1cbac27 -> 
  custom:video-encoder-webm-vp8: eb34c28f22e8b96e1ab97ce403110664 -> 
  custom:video-decoder-webm-vp8: 9c59270c3fd7afecdb556c50c9e8de78 -> 
  custom:audio-decoder-ogg-vorbis: bf7c407c2cedff20999df2af8eb42d56 -> 
  custom:audio-encoder-webm-vorbis: bf7c407c2cedff20999df2af8eb42d56 -> 
========================================================================
Received Prepare
Registering precompiled user dll's ...
Registered in 0.006527 seconds.
Begin MonoManager ReloadAssembly
Native extension for WindowsStandalone target not found
Refreshing native plugins compatible for Editor in 0.38 ms, found 2 plugins.
Preloading 0 native plugins for Editor in 0.00 ms.
Mono: successfully reloaded assembly
- Completed reload, in  0.789 seconds
Domain Reload Profiling:
	ReloadAssembly (789ms)
		BeginReloadAssembly (119ms)
			ExecutionOrderSort (0ms)
			DisableScriptedObjects (3ms)
			BackupInstance (0ms)
			ReleaseScriptingObjects (0ms)
			CreateAndSetChildDomain (25ms)
		EndReloadAssembly (607ms)
			LoadAssemblies (92ms)
			RebuildTransferFunctionScriptingTraits (0ms)
			SetupTypeCache (197ms)
			ReleaseScriptCaches (1ms)
			RebuildScriptCaches (27ms)
			SetupLoadedEditorAssemblies (240ms)
				LogAssemblyErrors (0ms)
				InitializePlatformSupportModulesInManaged (4ms)
				SetLoadedEditorAssemblies (0ms)
				RefreshPlugins (0ms)
				BeforeProcessingInitializeOnLoad (79ms)
				ProcessInitializeOnLoadAttributes (138ms)
				ProcessInitializeOnLoadMethodAttributes (8ms)
				AfterProcessingInitializeOnLoad (11ms)
				EditorAssembliesLoaded (0ms)
			ExecutionOrderSort2 (0ms)
			AwakeInstancesAfterBackupRestoration (5ms)
Platform modules already initialized, skipping
Refreshing native plugins compatible for Editor in 0.48 ms, found 2 plugins.
Preloading 0 native plugins for Editor in 0.00 ms.
Unloading 1506 Unused Serialized files (Serialized files now loaded: 0)
System memory in use before: 73.8 MB.
System memory in use after: 73.9 MB.

Unloading 14 unused Assets to reduce memory usage. Loaded Objects now: 1998.
Total: 3.006100 ms (FindLiveObjects: 0.161000 ms CreateObjectMapping: 0.039300 ms MarkObjects: 2.784600 ms  DeleteObjects: 0.019900 ms)

AssetImportParameters requested are different than current active one (requested -> active):
  custom:framework-win-MediaFoundation: 216162199b28c13a410421893ffa2e32 -> 
  custom:video-decoder-ogg-theora: a1e56fd34408186e4bbccfd4996cb3dc -> 
  custom:container-muxer-webm: aa71ff27fc2769a1b78a27578f13a17b -> 
  custom:container-demuxer-webm: 4f35f7cbe854078d1ac9338744f61a02 -> 
  custom:container-demuxer-ogg: 62fdf1f143b41e24485cea50d1cbac27 -> 
  custom:video-encoder-webm-vp8: eb34c28f22e8b96e1ab97ce403110664 -> 
  custom:video-decoder-webm-vp8: 9c59270c3fd7afecdb556c50c9e8de78 -> 
  custom:audio-decoder-ogg-vorbis: bf7c407c2cedff20999df2af8eb42d56 -> 
  custom:audio-encoder-webm-vorbis: bf7c407c2cedff20999df2af8eb42d56 -> 
AssetImportWorkerClient::OnTransportError - code=2 error=End of file
